Log file open, 03/25/21 12:19:10
LogInit: Display: Running engine for game: TamSkadLecaTracery
LogPlatformFile: Not using cached read wrapper
LogTaskGraph: Started task graph with 5 named threads and 23 total threads with 3 sets of task threads.
LogStats: Stats thread started at 0.174373
LogD3D11RHI: Loaded GFSDK_Aftermath_Lib.x64.dll
LogICUInternationalization: ICU TimeZone Detection - Raw Offset: +1:00, Platform Override: ''
LogPluginManager: Mounting plugin Paper2D
LogPluginManager: Mounting plugin AISupport
LogPluginManager: Mounting plugin LightPropagationVolume
LogPluginManager: Mounting plugin CameraShakePreviewer
LogPluginManager: Mounting plugin ActorLayerUtilities
LogPluginManager: Mounting plugin AnimationSharing
LogPluginManager: Mounting plugin CLionSourceCodeAccess
LogPluginManager: Mounting plugin CodeLiteSourceCodeAccess
LogPluginManager: Mounting plugin GitSourceControl
LogPluginManager: Mounting plugin KDevelopSourceCodeAccess
LogPluginManager: Mounting plugin NullSourceCodeAccess
LogPluginManager: Mounting plugin PerforceSourceControl
LogPluginManager: Mounting plugin PlasticSourceControl
LogPluginManager: Mounting plugin RiderSourceCodeAccess
LogPluginManager: Mounting plugin SubversionSourceControl
LogPluginManager: Mounting plugin UObjectPlugin
LogPluginManager: Mounting plugin VisualStudioCodeSourceCodeAccess
LogPluginManager: Mounting plugin VisualStudioSourceCodeAccess
LogPluginManager: Mounting plugin XCodeSourceCodeAccess
LogPluginManager: Mounting plugin AssetManagerEditor
LogPluginManager: Mounting plugin CryptoKeys
LogPluginManager: Mounting plugin CurveEditorTools
LogPluginManager: Mounting plugin DataValidation
LogPluginManager: Mounting plugin EditorScriptingUtilities
LogPluginManager: Mounting plugin FacialAnimation
LogPluginManager: Mounting plugin GameplayTagsEditor
LogPluginManager: Mounting plugin GeometryMode
LogPluginManager: Mounting plugin MacGraphicsSwitching
LogPluginManager: Mounting plugin MaterialAnalyzer
LogPluginManager: Mounting plugin MobileLauncherProfileWizard
LogPluginManager: Mounting plugin PluginBrowser
LogPluginManager: Mounting plugin SpeedTreeImporter
LogPluginManager: Mounting plugin DatasmithContent
LogPluginManager: Mounting plugin VariantManagerContent
LogPluginManager: Mounting plugin AlembicImporter
LogPluginManager: Mounting plugin AutomationUtils
LogPluginManager: Mounting plugin BackChannel
LogPluginManager: Mounting plugin ChaosCloth
LogPluginManager: Mounting plugin ChaosClothEditor
LogPluginManager: Mounting plugin ChaosEditor
LogPluginManager: Mounting plugin ChaosNiagara
LogPluginManager: Mounting plugin ChaosSolverPlugin
LogPluginManager: Mounting plugin CharacterAI
LogPluginManager: Mounting plugin GeometryCache
LogPluginManager: Mounting plugin GeometryCollectionPlugin
LogPluginManager: Mounting plugin GeometryProcessing
LogPluginManager: Mounting plugin PlanarCut
LogPluginManager: Mounting plugin PlatformCrypto
LogPluginManager: Mounting plugin ProxyLODPlugin
LogPluginManager: Mounting plugin SkeletalReduction
LogPluginManager: Mounting plugin Niagara
LogPluginManager: Mounting plugin MagicLeap
LogPluginManager: Mounting plugin MagicLeapLightEstimation
LogPluginManager: Mounting plugin MagicLeapMedia
LogPluginManager: Mounting plugin MagicLeapPassableWorld
LogPluginManager: Mounting plugin MLSDK
LogPluginManager: Mounting plugin AndroidMedia
LogPluginManager: Mounting plugin AvfMedia
LogPluginManager: Mounting plugin ImgMedia
LogPluginManager: Mounting plugin MediaCompositing
LogPluginManager: Mounting plugin MediaPlayerEditor
LogPluginManager: Mounting plugin WebMMedia
LogPluginManager: Mounting plugin WmfMedia
LogPluginManager: Mounting plugin MeshPainting
LogPluginManager: Mounting plugin TcpMessaging
LogPluginManager: Mounting plugin UdpMessaging
LogPluginManager: Mounting plugin ActorSequence
LogPluginManager: Mounting plugin LevelSequenceEditor
LogPluginManager: Mounting plugin MatineeToLevelSequence
LogPluginManager: Mounting plugin MovieRenderPipeline
LogPluginManager: Mounting plugin TemplateSequence
LogPluginManager: Mounting plugin NetcodeUnitTest
LogPluginManager: Mounting plugin NUTUnrealEngine4
LogPluginManager: Mounting plugin OnlineSubsystemGooglePlay
LogPluginManager: Mounting plugin OnlineSubsystemIOS
LogPluginManager: Mounting plugin OnlineSubsystem
LogPluginManager: Mounting plugin OnlineSubsystemNull
LogPluginManager: Mounting plugin OnlineSubsystemUtils
LogPluginManager: Mounting plugin LauncherChunkInstaller
LogPluginManager: Mounting plugin AndroidDeviceProfileSelector
LogPluginManager: Mounting plugin AndroidMoviePlayer
LogPluginManager: Mounting plugin AndroidPermission
LogPluginManager: Mounting plugin AppleImageUtils
LogPluginManager: Mounting plugin AppleMoviePlayer
LogPluginManager: Mounting plugin ArchVisCharacter
LogPluginManager: Mounting plugin AssetTags
LogPluginManager: Mounting plugin AudioCapture
LogPluginManager: Mounting plugin CableComponent
LogPluginManager: Mounting plugin CustomMeshComponent
LogPluginManager: Mounting plugin EditableMesh
LogPluginManager: Mounting plugin ExampleDeviceProfileSelector
LogPluginManager: Mounting plugin GoogleCloudMessaging
LogPluginManager: Mounting plugin GooglePAD
LogPluginManager: Mounting plugin IOSDeviceProfileSelector
LogPluginManager: Mounting plugin LinuxDeviceProfileSelector
LogPluginManager: Mounting plugin LocationServicesBPLibrary
LogPluginManager: Mounting plugin MobilePatchingUtils
LogPluginManager: Mounting plugin OculusVR
LogPluginManager: Mounting plugin PhysXVehicles
LogPluginManager: Mounting plugin PostSplashScreen
LogPluginManager: Mounting plugin ProceduralMeshComponent
LogPluginManager: Mounting plugin RuntimePhysXCooking
LogPluginManager: Mounting plugin SignificanceManager
LogPluginManager: Mounting plugin SoundFields
LogPluginManager: Mounting plugin SteamVR
LogPluginManager: Mounting plugin Synthesis
LogPluginManager: Mounting plugin WebMMoviePlayer
LogPluginManager: Mounting plugin WindowsMoviePlayer
LogPluginManager: Mounting plugin ScreenshotTools
LogInit: Using libcurl 7.55.1-DEV
LogInit:  - built for x86_64-pc-win32
LogInit:  - supports SSL with OpenSSL/1.1.1
LogInit:  - supports HTTP deflate (compression) using libz 1.2.8
LogInit:  - other features:
LogInit:      CURL_VERSION_SSL
LogInit:      CURL_VERSION_LIBZ
LogInit:      CURL_VERSION_IPV6
LogInit:      CURL_VERSION_ASYNCHDNS
LogInit:      CURL_VERSION_LARGEFILE
LogInit:      CURL_VERSION_IDN
LogInit:  CurlRequestOptions (configurable via config and command line):
LogInit:  - bVerifyPeer = true  - Libcurl will verify peer certificate
LogInit:  - bUseHttpProxy = false  - Libcurl will NOT use HTTP proxy
LogInit:  - bDontReuseConnections = false  - Libcurl will reuse connections
LogInit:  - MaxHostConnections = 16  - Libcurl will limit the number of connections to a host
LogInit:  - LocalHostAddr = Default
LogInit:  - BufferSize = 65536
LogOnline: OSS: Creating online subsystem instance for: NULL
LogInit: WinSock: version 1.1 (2.2), MaxSocks=32767, MaxUdp=65467
LogOnline: OSS: TryLoadSubsystemAndSetDefault: Loaded subsystem for module [NULL]
LogInit: Build: ++UE4+Release-4.25-CL-14469661
LogInit: Engine Version: 4.25.4-14469661+++UE4+Release-4.25
LogInit: Compatible Engine Version: 4.25.0-13144385+++UE4+Release-4.25
LogInit: Net CL: 13144385
LogInit: OS: Windows 10 (Release 1909) (), CPU: Intel(R) Core(TM) i5-9300H CPU @ 2.40GHz, GPU: Intel(R) UHD Graphics 630
LogInit: Compiled (64-bit): Oct 11 2020 08:10:49
LogInit: Compiled with Visual C++: 19.24.28315.00
LogInit: Build Configuration: Development
LogInit: Branch Name: ++UE4+Release-4.25
LogInit: Command Line:  -EpicPortal -epicusername=Garr2d2 -epicuserid=8ad4aaf7bd5a4e8c95ba18109db32a4d -epiclocale=pl
LogInit: Base Directory: D:/unreal/UE_4.25/Engine/Binaries/Win64/
LogInit: Allocator: TBB
LogInit: Installed Engine Build: 1
LogDevObjectVersion: Number of dev versions registered: 26
LogDevObjectVersion:   Dev-Blueprints (B0D832E4-1F89-4F0D-ACCF-7EB736FD4AA2): 10
LogDevObjectVersion:   Dev-Build (E1C64328-A22C-4D53-A36C-8E866417BD8C): 0
LogDevObjectVersion:   Dev-Core (375EC13C-06E4-48FB-B500-84F0262A717E): 4
LogDevObjectVersion:   Dev-Editor (E4B068ED-F494-42E9-A231-DA0B2E46BB41): 38
LogDevObjectVersion:   Dev-Framework (CFFC743F-43B0-4480-9391-14DF171D2073): 37
LogDevObjectVersion:   Dev-Mobile (B02B49B5-BB20-44E9-A304-32B752E40360): 2
LogDevObjectVersion:   Dev-Networking (A4E4105C-59A1-49B5-A7C5-40C4547EDFEE): 0
LogDevObjectVersion:   Dev-Online (39C831C9-5AE6-47DC-9A44-9C173E1C8E7C): 0
LogDevObjectVersion:   Dev-Physics (78F01B33-EBEA-4F98-B9B4-84EACCB95AA2): 4
LogDevObjectVersion:   Dev-Platform (6631380F-2D4D-43E0-8009-CF276956A95A): 0
LogDevObjectVersion:   Dev-Rendering (12F88B9F-8875-4AFC-A67C-D90C383ABD29): 43
LogDevObjectVersion:   Dev-Sequencer (7B5AE74C-D270-4C10-A958-57980B212A5A): 12
LogDevObjectVersion:   Dev-VR (D7296918-1DD6-4BDD-9DE2-64A83CC13884): 3
LogDevObjectVersion:   Dev-LoadTimes (C2A15278-BFE7-4AFE-6C17-90FF531DF755): 1
LogDevObjectVersion:   Private-Geometry (6EACA3D4-40EC-4CC1-B786-8BED09428FC5): 3
LogDevObjectVersion:   Dev-AnimPhys (29E575DD-E0A3-4627-9D10-D276232CDCEA): 17
LogDevObjectVersion:   Dev-Anim (AF43A65D-7FD3-4947-9873-3E8ED9C1BB05): 7
LogDevObjectVersion:   Dev-ReflectionCapture (6B266CEC-1EC7-4B8F-A30B-E4D90942FC07): 1
LogDevObjectVersion:   Dev-Automation (0DF73D61-A23F-47EA-B727-89E90C41499A): 1
LogDevObjectVersion:   FortniteMain (601D1886-AC64-4F84-AA16-D3DE0DEAC7D6): 31
LogDevObjectVersion:   Dev-Enterprise (9DFFBCD6-494F-0158-E221-12823C92A888): 10
LogDevObjectVersion:   Dev-Niagara (F2AED0AC-9AFE-416F-8664-AA7FFA26D6FC): 1
LogDevObjectVersion:   Dev-Destruction (174F1F0B-B4C6-45A5-B13F-2EE8D0FB917D): 10
LogDevObjectVersion:   Dev-Physics-Ext (35F94A83-E258-406C-A318-09F59610247C): 37
LogDevObjectVersion:   Dev-PhysicsMaterial-Chaos (B68FC16E-8B1B-42E2-B453-215C058844FE): 1
LogDevObjectVersion:   Dev-CineCamera (B2E18506-4273-CFC2-A54E-F4BB758BBA07): 1
LogInit: Presizing for max 25165824 objects, including 0 objects not considered by GC, pre-allocating 0 bytes for permanent pool.
LogConfig: Applying CVar settings from Section [/Script/Engine.StreamingSettings] File [D:/unreal/TamSkadLecaTracery/TamSkadLecaTracery/TamSkadLecaTracery/Saved/Config/Windows/Engine.ini]
LogConfig: Setting CVar [[s.MinBulkDataSizeForAsyncLoading:131072]]
LogConfig: Setting CVar [[s.AsyncLoadingThreadEnabled:0]]
LogConfig: Setting CVar [[s.EventDrivenLoaderEnabled:1]]
LogConfig: Setting CVar [[s.WarnIfTimeLimitExceeded:0]]
LogConfig: Setting CVar [[s.TimeLimitExceededMultiplier:1.5]]
LogConfig: Setting CVar [[s.TimeLimitExceededMinTime:0.005]]
LogConfig: Setting CVar [[s.UseBackgroundLevelStreaming:1]]
LogConfig: Setting CVar [[s.PriorityAsyncLoadingExtraTime:15.0]]
LogConfig: Setting CVar [[s.LevelStreamingActorsUpdateTimeLimit:5.0]]
LogConfig: Setting CVar [[s.PriorityLevelStreamingActorsUpdateExtraTime:5.0]]
LogConfig: Setting CVar [[s.LevelStreamingComponentsRegistrationGranularity:10]]
LogConfig: Setting CVar [[s.UnregisterComponentsTimeLimit:1.0]]
LogConfig: Setting CVar [[s.LevelStreamingComponentsUnregistrationGranularity:5]]
LogConfig: Setting CVar [[s.FlushStreamingOnExit:1]]
LogInit: Object subsystem initialized
LogConfig: Setting CVar [[con.DebugEarlyDefault:1]]
LogConfig: Setting CVar [[r.setres:1280x720]]
[2021.03.25-11.19.10:293][  0]LogConfig: Setting CVar [[r.VSync:0]]
[2021.03.25-11.19.10:293][  0]LogConfig: Setting CVar [[r.RHICmdBypass:0]]
[2021.03.25-11.19.10:293][  0]LogConfig: Applying CVar settings from Section [/Script/Engine.RendererSettings] File [D:/unreal/TamSkadLecaTracery/TamSkadLecaTracery/TamSkadLecaTracery/Saved/Config/Windows/Engine.ini]
[2021.03.25-11.19.10:293][  0]LogConfig: Setting CVar [[r.GPUCrashDebugging:0]]
[2021.03.25-11.19.10:293][  0]LogConfig: Applying CVar settings from Section [/Script/Engine.RendererOverrideSettings] File [D:/unreal/TamSkadLecaTracery/TamSkadLecaTracery/TamSkadLecaTracery/Saved/Config/Windows/Engine.ini]
[2021.03.25-11.19.10:293][  0]LogConfig: Applying CVar settings from Section [/Script/Engine.StreamingSettings] File [D:/unreal/TamSkadLecaTracery/TamSkadLecaTracery/TamSkadLecaTracery/Saved/Config/Windows/Engine.ini]
[2021.03.25-11.19.10:293][  0]LogConfig: Setting CVar [[s.MinBulkDataSizeForAsyncLoading:131072]]
[2021.03.25-11.19.10:293][  0]LogConfig: Setting CVar [[s.AsyncLoadingThreadEnabled:0]]
[2021.03.25-11.19.10:293][  0]LogConfig: Setting CVar [[s.EventDrivenLoaderEnabled:1]]
[2021.03.25-11.19.10:293][  0]LogConfig: Setting CVar [[s.WarnIfTimeLimitExceeded:0]]
[2021.03.25-11.19.10:293][  0]LogConfig: Setting CVar [[s.TimeLimitExceededMultiplier:1.5]]
[2021.03.25-11.19.10:293][  0]LogConfig: Setting CVar [[s.TimeLimitExceededMinTime:0.005]]
[2021.03.25-11.19.10:293][  0]LogConfig: Setting CVar [[s.UseBackgroundLevelStreaming:1]]
[2021.03.25-11.19.10:293][  0]LogConfig: Setting CVar [[s.PriorityAsyncLoadingExtraTime:15.0]]
[2021.03.25-11.19.10:293][  0]LogConfig: Setting CVar [[s.LevelStreamingActorsUpdateTimeLimit:5.0]]
[2021.03.25-11.19.10:293][  0]LogConfig: Setting CVar [[s.PriorityLevelStreamingActorsUpdateExtraTime:5.0]]
[2021.03.25-11.19.10:293][  0]LogConfig: Setting CVar [[s.LevelStreamingComponentsRegistrationGranularity:10]]
[2021.03.25-11.19.10:293][  0]LogConfig: Setting CVar [[s.UnregisterComponentsTimeLimit:1.0]]
[2021.03.25-11.19.10:293][  0]LogConfig: Setting CVar [[s.LevelStreamingComponentsUnregistrationGranularity:5]]
[2021.03.25-11.19.10:293][  0]LogConfig: Setting CVar [[s.FlushStreamingOnExit:1]]
[2021.03.25-11.19.10:293][  0]LogConfig: Applying CVar settings from Section [/Script/Engine.GarbageCollectionSettings] File [D:/unreal/TamSkadLecaTracery/TamSkadLecaTracery/TamSkadLecaTracery/Saved/Config/Windows/Engine.ini]
[2021.03.25-11.19.10:293][  0]LogConfig: Setting CVar [[gc.MaxObjectsNotConsideredByGC:1]]
[2021.03.25-11.19.10:293][  0]LogConfig: Setting CVar [[gc.SizeOfPermanentObjectPool:0]]
[2021.03.25-11.19.10:293][  0]LogConfig: Setting CVar [[gc.FlushStreamingOnGC:0]]
[2021.03.25-11.19.10:293][  0]LogConfig: Setting CVar [[gc.NumRetriesBeforeForcingGC:10]]
[2021.03.25-11.19.10:293][  0]LogConfig: Setting CVar [[gc.AllowParallelGC:1]]
[2021.03.25-11.19.10:293][  0]LogConfig: Setting CVar [[gc.TimeBetweenPurgingPendingKillObjects:61.1]]
[2021.03.25-11.19.10:293][  0]LogConfig: Setting CVar [[gc.MaxObjectsInEditor:25165824]]
[2021.03.25-11.19.10:293][  0]LogConfig: Setting CVar [[gc.IncrementalBeginDestroyEnabled:1]]
[2021.03.25-11.19.10:293][  0]LogConfig: Setting CVar [[gc.CreateGCClusters:1]]
[2021.03.25-11.19.10:293][  0]LogConfig: Setting CVar [[gc.MinGCClusterSize:5]]
[2021.03.25-11.19.10:293][  0]LogConfig: Setting CVar [[gc.ActorClusteringEnabled:0]]
[2021.03.25-11.19.10:293][  0]LogConfig: Setting CVar [[gc.BlueprintClusteringEnabled:0]]
[2021.03.25-11.19.10:293][  0]LogConfig: Setting CVar [[gc.UseDisregardForGCOnDedicatedServers:0]]
[2021.03.25-11.19.10:293][  0]LogConfig: Applying CVar settings from Section [/Script/Engine.NetworkSettings] File [D:/unreal/TamSkadLecaTracery/TamSkadLecaTracery/TamSkadLecaTracery/Saved/Config/Windows/Engine.ini]
[2021.03.25-11.19.10:293][  0]LogConfig: Applying CVar settings from Section [/Script/UnrealEd.CookerSettings] File [D:/unreal/TamSkadLecaTracery/TamSkadLecaTracery/TamSkadLecaTracery/Saved/Config/Windows/Engine.ini]
[2021.03.25-11.19.10:295][  0]LogConfig: Applying CVar settings from Section [ViewDistanceQuality@3] File [D:/unreal/TamSkadLecaTracery/TamSkadLecaTracery/TamSkadLecaTracery/Saved/Config/Windows/Scalability.ini]
[2021.03.25-11.19.10:296][  0]LogConfig: Setting CVar [[r.SkeletalMeshLODBias:0]]
[2021.03.25-11.19.10:296][  0]LogConfig: Setting CVar [[r.ViewDistanceScale:1.0]]
[2021.03.25-11.19.10:296][  0]LogConfig: Applying CVar settings from Section [AntiAliasingQuality@3] File [D:/unreal/TamSkadLecaTracery/TamSkadLecaTracery/TamSkadLecaTracery/Saved/Config/Windows/Scalability.ini]
[2021.03.25-11.19.10:296][  0]LogConfig: Setting CVar [[r.PostProcessAAQuality:4]]
[2021.03.25-11.19.10:296][  0]LogConfig: Applying CVar settings from Section [ShadowQuality@3] File [D:/unreal/TamSkadLecaTracery/TamSkadLecaTracery/TamSkadLecaTracery/Saved/Config/Windows/Scalability.ini]
[2021.03.25-11.19.10:296][  0]LogConfig: Setting CVar [[r.LightFunctionQuality:1]]
[2021.03.25-11.19.10:296][  0]LogConfig: Setting CVar [[r.ShadowQuality:5]]
[2021.03.25-11.19.10:296][  0]LogConfig: Setting CVar [[r.Shadow.CSM.MaxCascades:10]]
[2021.03.25-11.19.10:296][  0]LogConfig: Setting CVar [[r.Shadow.MaxResolution:2048]]
[2021.03.25-11.19.10:296][  0]LogConfig: Setting CVar [[r.Shadow.MaxCSMResolution:2048]]
[2021.03.25-11.19.10:296][  0]LogConfig: Setting CVar [[r.Shadow.RadiusThreshold:0.01]]
[2021.03.25-11.19.10:296][  0]LogConfig: Setting CVar [[r.Shadow.DistanceScale:1.0]]
[2021.03.25-11.19.10:296][  0]LogConfig: Setting CVar [[r.Shadow.CSM.TransitionScale:1.0]]
[2021.03.25-11.19.10:296][  0]LogConfig: Setting CVar [[r.Shadow.PreShadowResolutionFactor:1.0]]
[2021.03.25-11.19.10:296][  0]LogConfig: Setting CVar [[r.DistanceFieldShadowing:1]]
[2021.03.25-11.19.10:296][  0]LogConfig: Setting CVar [[r.DistanceFieldAO:1]]
[2021.03.25-11.19.10:296][  0]LogConfig: Setting CVar [[r.AOQuality:2]]
[2021.03.25-11.19.10:296][  0]LogConfig: Setting CVar [[r.VolumetricFog:1]]
[2021.03.25-11.19.10:296][  0]LogConfig: Setting CVar [[r.VolumetricFog.GridPixelSize:8]]
[2021.03.25-11.19.10:296][  0]LogConfig: Setting CVar [[r.VolumetricFog.GridSizeZ:128]]
[2021.03.25-11.19.10:296][  0]LogConfig: Setting CVar [[r.VolumetricFog.HistoryMissSupersampleCount:4]]
[2021.03.25-11.19.10:296][  0]LogConfig: Setting CVar [[r.LightMaxDrawDistanceScale:1]]
[2021.03.25-11.19.10:296][  0]LogConfig: Setting CVar [[r.CapsuleShadows:1]]
[2021.03.25-11.19.10:296][  0]LogConfig: Applying CVar settings from Section [PostProcessQuality@3] File [D:/unreal/TamSkadLecaTracery/TamSkadLecaTracery/TamSkadLecaTracery/Saved/Config/Windows/Scalability.ini]
[2021.03.25-11.19.10:296][  0]LogConfig: Setting CVar [[r.MotionBlurQuality:4]]
[2021.03.25-11.19.10:296][  0]LogConfig: Setting CVar [[r.AmbientOcclusionMipLevelFactor:0.4]]
[2021.03.25-11.19.10:296][  0]LogConfig: Setting CVar [[r.AmbientOcclusionMaxQuality:100]]
[2021.03.25-11.19.10:296][  0]LogConfig: Setting CVar [[r.AmbientOcclusionLevels:-1]]
[2021.03.25-11.19.10:296][  0]LogConfig: Setting CVar [[r.AmbientOcclusionRadiusScale:1.0]]
[2021.03.25-11.19.10:296][  0]LogConfig: Setting CVar [[r.DepthOfFieldQuality:2]]
[2021.03.25-11.19.10:296][  0]LogConfig: Setting CVar [[r.RenderTargetPoolMin:400]]
[2021.03.25-11.19.10:296][  0]LogConfig: Setting CVar [[r.LensFlareQuality:2]]
[2021.03.25-11.19.10:296][  0]LogConfig: Setting CVar [[r.SceneColorFringeQuality:1]]
[2021.03.25-11.19.10:296][  0]LogConfig: Setting CVar [[r.EyeAdaptationQuality:2]]
[2021.03.25-11.19.10:296][  0]LogConfig: Setting CVar [[r.BloomQuality:5]]
[2021.03.25-11.19.10:296][  0]LogConfig: Setting CVar [[r.FastBlurThreshold:100]]
[2021.03.25-11.19.10:296][  0]LogConfig: Setting CVar [[r.Upscale.Quality:3]]
[2021.03.25-11.19.10:296][  0]LogConfig: Setting CVar [[r.Tonemapper.GrainQuantization:1]]
[2021.03.25-11.19.10:296][  0]LogConfig: Setting CVar [[r.LightShaftQuality:1]]
[2021.03.25-11.19.10:296][  0]LogConfig: Setting CVar [[r.Filter.SizeScale:1]]
[2021.03.25-11.19.10:296][  0]LogConfig: Setting CVar [[r.Tonemapper.Quality:5]]
[2021.03.25-11.19.10:296][  0]LogConfig: Setting CVar [[r.DOF.Gather.AccumulatorQuality:1        ; higher gathering accumulator quality]]
[2021.03.25-11.19.10:296][  0]LogConfig: Setting CVar [[r.DOF.Gather.PostfilterMethod:1          ; Median3x3 postfilering method]]
[2021.03.25-11.19.10:296][  0]LogConfig: Setting CVar [[r.DOF.Gather.EnableBokehSettings:0       ; no bokeh simulation when gathering]]
[2021.03.25-11.19.10:296][  0]LogConfig: Setting CVar [[r.DOF.Gather.RingCount:4                 ; medium number of samples when gathering]]
[2021.03.25-11.19.10:296][  0]LogConfig: Setting CVar [[r.DOF.Scatter.ForegroundCompositing:1    ; additive foreground scattering]]
[2021.03.25-11.19.10:296][  0]LogConfig: Setting CVar [[r.DOF.Scatter.BackgroundCompositing:2    ; additive background scattering]]
[2021.03.25-11.19.10:296][  0]LogConfig: Setting CVar [[r.DOF.Scatter.EnableBokehSettings:1      ; bokeh simulation when scattering]]
[2021.03.25-11.19.10:296][  0]LogConfig: Setting CVar [[r.DOF.Scatter.MaxSpriteRatio:0.1         ; only a maximum of 10% of scattered bokeh]]
[2021.03.25-11.19.10:296][  0]LogConfig: Setting CVar [[r.DOF.Recombine.Quality:1                ; cheap slight out of focus]]
[2021.03.25-11.19.10:296][  0]LogConfig: Setting CVar [[r.DOF.Recombine.EnableBokehSettings:0    ; no bokeh simulation on slight out of focus]]
[2021.03.25-11.19.10:296][  0]LogConfig: Setting CVar [[r.DOF.TemporalAAQuality:1                ; more stable temporal accumulation]]
[2021.03.25-11.19.10:296][  0]LogConfig: Setting CVar [[r.DOF.Kernel.MaxForegroundRadius:0.025]]
[2021.03.25-11.19.10:296][  0]LogConfig: Setting CVar [[r.DOF.Kernel.MaxBackgroundRadius:0.025]]
[2021.03.25-11.19.10:296][  0]LogConfig: Applying CVar settings from Section [TextureQuality@3] File [D:/unreal/TamSkadLecaTracery/TamSkadLecaTracery/TamSkadLecaTracery/Saved/Config/Windows/Scalability.ini]
[2021.03.25-11.19.10:296][  0]LogConfig: Setting CVar [[r.Streaming.MipBias:0]]
[2021.03.25-11.19.10:296][  0]LogConfig: Setting CVar [[r.Streaming.AmortizeCPUToGPUCopy:0]]
[2021.03.25-11.19.10:296][  0]LogConfig: Setting CVar [[r.Streaming.MaxNumTexturesToStreamPerFrame:0]]
[2021.03.25-11.19.10:296][  0]LogConfig: Setting CVar [[r.Streaming.Boost:1]]
[2021.03.25-11.19.10:296][  0]LogConfig: Setting CVar [[r.MaxAnisotropy:8]]
[2021.03.25-11.19.10:296][  0]LogConfig: Setting CVar [[r.VT.MaxAnisotropy:8]]
[2021.03.25-11.19.10:296][  0]LogConfig: Setting CVar [[r.Streaming.LimitPoolSizeToVRAM:0]]
[2021.03.25-11.19.10:296][  0]LogConfig: Setting CVar [[r.Streaming.PoolSize:1000]]
[2021.03.25-11.19.10:296][  0]LogConfig: Setting CVar [[r.Streaming.MaxEffectiveScreenSize:0]]
[2021.03.25-11.19.10:296][  0]LogConfig: Applying CVar settings from Section [EffectsQuality@3] File [D:/unreal/TamSkadLecaTracery/TamSkadLecaTracery/TamSkadLecaTracery/Saved/Config/Windows/Scalability.ini]
[2021.03.25-11.19.10:296][  0]LogConfig: Setting CVar [[r.TranslucencyLightingVolumeDim:64]]
[2021.03.25-11.19.10:296][  0]LogConfig: Setting CVar [[r.RefractionQuality:2]]
[2021.03.25-11.19.10:296][  0]LogConfig: Setting CVar [[r.SSR.Quality:3]]
[2021.03.25-11.19.10:296][  0]LogConfig: Setting CVar [[r.SSR.HalfResSceneColor:0]]
[2021.03.25-11.19.10:296][  0]LogConfig: Setting CVar [[r.SceneColorFormat:4]]
[2021.03.25-11.19.10:296][  0]LogConfig: Setting CVar [[r.DetailMode:2]]
[2021.03.25-11.19.10:296][  0]LogConfig: Setting CVar [[r.TranslucencyVolumeBlur:1]]
[2021.03.25-11.19.10:296][  0]LogConfig: Setting CVar [[r.MaterialQualityLevel:1 ; High quality]]
[2021.03.25-11.19.10:296][  0]LogConfig: Setting CVar [[r.SSS.Scale:1]]
[2021.03.25-11.19.10:296][  0]LogConfig: Setting CVar [[r.SSS.SampleSet:2]]
[2021.03.25-11.19.10:296][  0]LogConfig: Setting CVar [[r.SSS.Quality:1]]
[2021.03.25-11.19.10:296][  0]LogConfig: Setting CVar [[r.SSS.HalfRes:0]]
[2021.03.25-11.19.10:296][  0]LogConfig: Setting CVar [[r.SSGI.Quality:3]]
[2021.03.25-11.19.10:296][  0]LogConfig: Setting CVar [[r.EmitterSpawnRateScale:1.0]]
[2021.03.25-11.19.10:296][  0]LogConfig: Setting CVar [[r.ParticleLightQuality:2]]
[2021.03.25-11.19.10:296][  0]LogConfig: Setting CVar [[r.SkyAtmosphere.AerialPerspectiveLUT.FastApplyOnOpaque:1 ; Always have FastSkyLUT 1 in this case to avoid wrong sky]]
[2021.03.25-11.19.10:297][  0]LogConfig: Setting CVar [[r.SkyAtmosphere.AerialPerspectiveLUT.SampleCountPerSlice:1]]
[2021.03.25-11.19.10:297][  0]LogConfig: Setting CVar [[r.SkyAtmosphere.AerialPerspectiveLUT.DepthResolution:16.0]]
[2021.03.25-11.19.10:297][  0]LogConfig: Setting CVar [[r.SkyAtmosphere.FastSkyLUT:1]]
[2021.03.25-11.19.10:297][  0]LogConfig: Setting CVar [[r.SkyAtmosphere.FastSkyLUT.SampleCountMin:4.0]]
[2021.03.25-11.19.10:297][  0]LogConfig: Setting CVar [[r.SkyAtmosphere.FastSkyLUT.SampleCountMax:32.0]]
[2021.03.25-11.19.10:297][  0]LogConfig: Setting CVar [[r.SkyAtmosphere.SampleCountMin:4.0]]
[2021.03.25-11.19.10:297][  0]LogConfig: Setting CVar [[r.SkyAtmosphere.SampleCountMax:32.0]]
[2021.03.25-11.19.10:297][  0]LogConfig: Setting CVar [[r.SkyAtmosphere.TransmittanceLUT.UseSmallFormat:0]]
[2021.03.25-11.19.10:297][  0]LogConfig: Setting CVar [[r.SkyAtmosphere.TransmittanceLUT.SampleCount:10.0]]
[2021.03.25-11.19.10:297][  0]LogConfig: Setting CVar [[r.SkyAtmosphere.MultiScatteringLUT.SampleCount:15.0]]
[2021.03.25-11.19.10:297][  0]LogConfig: Applying CVar settings from Section [FoliageQuality@3] File [D:/unreal/TamSkadLecaTracery/TamSkadLecaTracery/TamSkadLecaTracery/Saved/Config/Windows/Scalability.ini]
[2021.03.25-11.19.10:297][  0]LogConfig: Setting CVar [[foliage.DensityScale:1.0]]
[2021.03.25-11.19.10:297][  0]LogConfig: Setting CVar [[grass.DensityScale:1.0]]
[2021.03.25-11.19.10:297][  0]LogConfig: Applying CVar settings from Section [ShadingQuality@3] File [D:/unreal/TamSkadLecaTracery/TamSkadLecaTracery/TamSkadLecaTracery/Saved/Config/Windows/Scalability.ini]
[2021.03.25-11.19.10:297][  0]LogConfig: Setting CVar [[r.HairStrands.SkyLighting.SampleCount:16]]
[2021.03.25-11.19.10:297][  0]LogConfig: Setting CVar [[r.HairStrands.SkyLighting.JitterIntegration:0]]
[2021.03.25-11.19.10:297][  0]LogConfig: Setting CVar [[r.HairStrands.SkyAO.SampleCount:16]]
[2021.03.25-11.19.10:297][  0]LogConfig: Setting CVar [[r.HairStrands.DeepShadow.SuperSampling:0]]
[2021.03.25-11.19.10:297][  0]LogConfig: Setting CVar [[r.HairStrands.VisibilityPPLL:0]]
[2021.03.25-11.19.10:297][  0]LogConfig: Setting CVar [[r.HairStrands.RasterizationScale:0.5]]
[2021.03.25-11.19.10:297][  0]LogConfig: Setting CVar [[r.HairStrands.VelocityRasterizationScale:1]]
[2021.03.25-11.19.10:297][  0]LogInit: Selected Device Profile: [Windows]
[2021.03.25-11.19.10:297][  0]LogInit: Applying CVar settings loaded from the selected device profile: [Windows]
[2021.03.25-11.19.10:297][  0]LogHAL: Display: Platform has ~ 8 GB [8430800896 / 8589934592 / 8], which maps to Default [LargestMinGB=32, LargerMinGB=12, DefaultMinGB=8, SmallerMinGB=6, SmallestMinGB=0)
[2021.03.25-11.19.10:297][  0]LogInit: Going up to parent DeviceProfile []
[2021.03.25-11.19.10:297][  0]LogConfig: Applying CVar settings from Section [ViewDistanceQuality@2] File [D:/unreal/TamSkadLecaTracery/TamSkadLecaTracery/TamSkadLecaTracery/Saved/Config/Windows/Scalability.ini]
[2021.03.25-11.19.10:297][  0]LogConfig: Setting CVar [[r.SkeletalMeshLODBias:0]]
[2021.03.25-11.19.10:297][  0]LogConfig: Setting CVar [[r.ViewDistanceScale:0.8]]
[2021.03.25-11.19.10:297][  0]LogConfig: Applying CVar settings from Section [AntiAliasingQuality@2] File [D:/unreal/TamSkadLecaTracery/TamSkadLecaTracery/TamSkadLecaTracery/Saved/Config/Windows/Scalability.ini]
[2021.03.25-11.19.10:297][  0]LogConfig: Setting CVar [[r.PostProcessAAQuality:3]]
[2021.03.25-11.19.10:297][  0]LogConfig: Applying CVar settings from Section [ShadowQuality@2] File [D:/unreal/TamSkadLecaTracery/TamSkadLecaTracery/TamSkadLecaTracery/Saved/Config/Windows/Scalability.ini]
[2021.03.25-11.19.10:297][  0]LogConfig: Setting CVar [[r.LightFunctionQuality:1]]
[2021.03.25-11.19.10:297][  0]LogConfig: Setting CVar [[r.ShadowQuality:5]]
[2021.03.25-11.19.10:297][  0]LogConfig: Setting CVar [[r.Shadow.CSM.MaxCascades:4]]
[2021.03.25-11.19.10:297][  0]LogConfig: Setting CVar [[r.Shadow.MaxResolution:1024]]
[2021.03.25-11.19.10:297][  0]LogConfig: Setting CVar [[r.Shadow.MaxCSMResolution:2048]]
[2021.03.25-11.19.10:297][  0]LogConfig: Setting CVar [[r.Shadow.RadiusThreshold:0.04]]
[2021.03.25-11.19.10:297][  0]LogConfig: Setting CVar [[r.Shadow.DistanceScale:0.85]]
[2021.03.25-11.19.10:297][  0]LogConfig: Setting CVar [[r.Shadow.CSM.TransitionScale:0.8]]
[2021.03.25-11.19.10:297][  0]LogConfig: Setting CVar [[r.Shadow.PreShadowResolutionFactor:0.5]]
[2021.03.25-11.19.10:297][  0]LogConfig: Setting CVar [[r.DistanceFieldShadowing:1]]
[2021.03.25-11.19.10:297][  0]LogConfig: Setting CVar [[r.DistanceFieldAO:1]]
[2021.03.25-11.19.10:297][  0]LogConfig: Setting CVar [[r.AOQuality:1]]
[2021.03.25-11.19.10:297][  0]LogConfig: Setting CVar [[r.VolumetricFog:1]]
[2021.03.25-11.19.10:297][  0]LogConfig: Setting CVar [[r.VolumetricFog.GridPixelSize:16]]
[2021.03.25-11.19.10:297][  0]LogConfig: Setting CVar [[r.VolumetricFog.GridSizeZ:64]]
[2021.03.25-11.19.10:297][  0]LogConfig: Setting CVar [[r.VolumetricFog.HistoryMissSupersampleCount:4]]
[2021.03.25-11.19.10:297][  0]LogConfig: Setting CVar [[r.LightMaxDrawDistanceScale:1]]
[2021.03.25-11.19.10:297][  0]LogConfig: Setting CVar [[r.CapsuleShadows:1]]
[2021.03.25-11.19.10:297][  0]LogConfig: Applying CVar settings from Section [PostProcessQuality@2] File [D:/unreal/TamSkadLecaTracery/TamSkadLecaTracery/TamSkadLecaTracery/Saved/Config/Windows/Scalability.ini]
[2021.03.25-11.19.10:297][  0]LogConfig: Setting CVar [[r.MotionBlurQuality:3]]
[2021.03.25-11.19.10:297][  0]LogConfig: Setting CVar [[r.AmbientOcclusionMipLevelFactor:0.6]]
[2021.03.25-11.19.10:297][  0]LogConfig: Setting CVar [[r.AmbientOcclusionMaxQuality:100]]
[2021.03.25-11.19.10:297][  0]LogConfig: Setting CVar [[r.AmbientOcclusionLevels:-1]]
[2021.03.25-11.19.10:297][  0]LogConfig: Setting CVar [[r.AmbientOcclusionRadiusScale:1.5]]
[2021.03.25-11.19.10:297][  0]LogConfig: Setting CVar [[r.DepthOfFieldQuality:2]]
[2021.03.25-11.19.10:297][  0]LogConfig: Setting CVar [[r.RenderTargetPoolMin:400]]
[2021.03.25-11.19.10:297][  0]LogConfig: Setting CVar [[r.LensFlareQuality:2]]
[2021.03.25-11.19.10:297][  0]LogConfig: Setting CVar [[r.SceneColorFringeQuality:1]]
[2021.03.25-11.19.10:297][  0]LogConfig: Setting CVar [[r.EyeAdaptationQuality:2]]
[2021.03.25-11.19.10:297][  0]LogConfig: Setting CVar [[r.BloomQuality:5]]
[2021.03.25-11.19.10:297][  0]LogConfig: Setting CVar [[r.FastBlurThreshold:3]]
[2021.03.25-11.19.10:297][  0]LogConfig: Setting CVar [[r.Upscale.Quality:2]]
[2021.03.25-11.19.10:297][  0]LogConfig: Setting CVar [[r.Tonemapper.GrainQuantization:1]]
[2021.03.25-11.19.10:297][  0]LogConfig: Setting CVar [[r.LightShaftQuality:1]]
[2021.03.25-11.19.10:297][  0]LogConfig: Setting CVar [[r.Filter.SizeScale:0.8]]
[2021.03.25-11.19.10:297][  0]LogConfig: Setting CVar [[r.Tonemapper.Quality:5]]
[2021.03.25-11.19.10:297][  0]LogConfig: Setting CVar [[r.DOF.Gather.AccumulatorQuality:0        ; lower gathering accumulator quality]]
[2021.03.25-11.19.10:297][  0]LogConfig: Setting CVar [[r.DOF.Gather.PostfilterMethod:2          ; Max3x3 postfilering method]]
[2021.03.25-11.19.10:297][  0]LogConfig: Setting CVar [[r.DOF.Gather.EnableBokehSettings:0       ; no bokeh simulation when gathering]]
[2021.03.25-11.19.10:298][  0]LogConfig: Setting CVar [[r.DOF.Gather.RingCount:4                 ; medium number of samples when gathering]]
[2021.03.25-11.19.10:298][  0]LogConfig: Setting CVar [[r.DOF.Scatter.ForegroundCompositing:1    ; additive foreground scattering]]
[2021.03.25-11.19.10:298][  0]LogConfig: Setting CVar [[r.DOF.Scatter.BackgroundCompositing:1    ; no background occlusion]]
[2021.03.25-11.19.10:298][  0]LogConfig: Setting CVar [[r.DOF.Scatter.EnableBokehSettings:0      ; no bokeh simulation when scattering]]
[2021.03.25-11.19.10:298][  0]LogConfig: Setting CVar [[r.DOF.Scatter.MaxSpriteRatio:0.04        ; only a maximum of 4% of scattered bokeh]]
[2021.03.25-11.19.10:298][  0]LogConfig: Setting CVar [[r.DOF.Recombine.Quality:0                ; no slight out of focus]]
[2021.03.25-11.19.10:298][  0]LogConfig: Setting CVar [[r.DOF.TemporalAAQuality:0                ; faster temporal accumulation]]
[2021.03.25-11.19.10:298][  0]LogConfig: Setting CVar [[r.DOF.Kernel.MaxForegroundRadius:0.012   ; required because of AccumulatorQuality=0]]
[2021.03.25-11.19.10:298][  0]LogConfig: Setting CVar [[r.DOF.Kernel.MaxBackgroundRadius:0.012   ; required because of AccumulatorQuality=0]]
[2021.03.25-11.19.10:298][  0]LogConfig: Applying CVar settings from Section [TextureQuality@2] File [D:/unreal/TamSkadLecaTracery/TamSkadLecaTracery/TamSkadLecaTracery/Saved/Config/Windows/Scalability.ini]
[2021.03.25-11.19.10:298][  0]LogConfig: Setting CVar [[r.Streaming.MipBias:0]]
[2021.03.25-11.19.10:298][  0]LogConfig: Setting CVar [[r.Streaming.AmortizeCPUToGPUCopy:0]]
[2021.03.25-11.19.10:298][  0]LogConfig: Setting CVar [[r.Streaming.MaxNumTexturesToStreamPerFrame:0]]
[2021.03.25-11.19.10:298][  0]LogConfig: Setting CVar [[r.Streaming.Boost:1]]
[2021.03.25-11.19.10:298][  0]LogConfig: Setting CVar [[r.MaxAnisotropy:4]]
[2021.03.25-11.19.10:298][  0]LogConfig: Setting CVar [[r.VT.MaxAnisotropy:8]]
[2021.03.25-11.19.10:298][  0]LogConfig: Setting CVar [[r.Streaming.LimitPoolSizeToVRAM:1]]
[2021.03.25-11.19.10:298][  0]LogConfig: Setting CVar [[r.Streaming.PoolSize:800]]
[2021.03.25-11.19.10:298][  0]LogConfig: Setting CVar [[r.Streaming.MaxEffectiveScreenSize:0]]
[2021.03.25-11.19.10:298][  0]LogConfig: Applying CVar settings from Section [EffectsQuality@2] File [D:/unreal/TamSkadLecaTracery/TamSkadLecaTracery/TamSkadLecaTracery/Saved/Config/Windows/Scalability.ini]
[2021.03.25-11.19.10:298][  0]LogConfig: Setting CVar [[r.TranslucencyLightingVolumeDim:48]]
[2021.03.25-11.19.10:298][  0]LogConfig: Setting CVar [[r.RefractionQuality:2]]
[2021.03.25-11.19.10:298][  0]LogConfig: Setting CVar [[r.SSR.Quality:2]]
[2021.03.25-11.19.10:298][  0]LogConfig: Setting CVar [[r.SSR.HalfResSceneColor:1]]
[2021.03.25-11.19.10:298][  0]LogConfig: Setting CVar [[r.SceneColorFormat:3]]
[2021.03.25-11.19.10:298][  0]LogConfig: Setting CVar [[r.DetailMode:1]]
[2021.03.25-11.19.10:298][  0]LogConfig: Setting CVar [[r.TranslucencyVolumeBlur:1]]
[2021.03.25-11.19.10:298][  0]LogConfig: Setting CVar [[r.MaterialQualityLevel:1 ; High quality]]
[2021.03.25-11.19.10:298][  0]LogConfig: Setting CVar [[r.SSS.Scale:1]]
[2021.03.25-11.19.10:298][  0]LogConfig: Setting CVar [[r.SSS.SampleSet:1]]
[2021.03.25-11.19.10:298][  0]LogConfig: Setting CVar [[r.SSS.Quality:-1]]
[2021.03.25-11.19.10:298][  0]LogConfig: Setting CVar [[r.SSS.HalfRes:1]]
[2021.03.25-11.19.10:298][  0]LogConfig: Setting CVar [[r.SSGI.Quality:2]]
[2021.03.25-11.19.10:298][  0]LogConfig: Setting CVar [[r.EmitterSpawnRateScale:0.5]]
[2021.03.25-11.19.10:298][  0]LogConfig: Setting CVar [[r.ParticleLightQuality:1]]
[2021.03.25-11.19.10:298][  0]LogConfig: Setting CVar [[r.SkyAtmosphere.AerialPerspectiveLUT.FastApplyOnOpaque:1 ; Always have FastSkyLUT 1 in this case to avoid wrong sky]]
[2021.03.25-11.19.10:298][  0]LogConfig: Setting CVar [[r.SkyAtmosphere.AerialPerspectiveLUT.SampleCountPerSlice:1]]
[2021.03.25-11.19.10:298][  0]LogConfig: Setting CVar [[r.SkyAtmosphere.AerialPerspectiveLUT.DepthResolution:16.0]]
[2021.03.25-11.19.10:298][  0]LogConfig: Setting CVar [[r.SkyAtmosphere.FastSkyLUT:1]]
[2021.03.25-11.19.10:298][  0]LogConfig: Setting CVar [[r.SkyAtmosphere.FastSkyLUT.SampleCountMin:4.0]]
[2021.03.25-11.19.10:298][  0]LogConfig: Setting CVar [[r.SkyAtmosphere.FastSkyLUT.SampleCountMax:32.0]]
[2021.03.25-11.19.10:298][  0]LogConfig: Setting CVar [[r.SkyAtmosphere.SampleCountMin:4.0]]
[2021.03.25-11.19.10:298][  0]LogConfig: Setting CVar [[r.SkyAtmosphere.SampleCountMax:32.0]]
[2021.03.25-11.19.10:298][  0]LogConfig: Setting CVar [[r.SkyAtmosphere.TransmittanceLUT.UseSmallFormat:0]]
[2021.03.25-11.19.10:298][  0]LogConfig: Setting CVar [[r.SkyAtmosphere.TransmittanceLUT.SampleCount:10.0]]
[2021.03.25-11.19.10:298][  0]LogConfig: Setting CVar [[r.SkyAtmosphere.MultiScatteringLUT.SampleCount:15.0]]
[2021.03.25-11.19.10:298][  0]LogConfig: Applying CVar settings from Section [FoliageQuality@2] File [D:/unreal/TamSkadLecaTracery/TamSkadLecaTracery/TamSkadLecaTracery/Saved/Config/Windows/Scalability.ini]
[2021.03.25-11.19.10:298][  0]LogConfig: Setting CVar [[foliage.DensityScale:0.8]]
[2021.03.25-11.19.10:298][  0]LogConfig: Setting CVar [[grass.DensityScale:0.8]]
[2021.03.25-11.19.10:298][  0]LogConfig: Applying CVar settings from Section [ShadingQuality@2] File [D:/unreal/TamSkadLecaTracery/TamSkadLecaTracery/TamSkadLecaTracery/Saved/Config/Windows/Scalability.ini]
[2021.03.25-11.19.10:298][  0]LogConfig: Setting CVar [[r.HairStrands.SkyLighting.SampleCount:16]]
[2021.03.25-11.19.10:298][  0]LogConfig: Setting CVar [[r.HairStrands.SkyLighting.JitterIntegration:0]]
[2021.03.25-11.19.10:298][  0]LogConfig: Setting CVar [[r.HairStrands.SkyAO.SampleCount:16]]
[2021.03.25-11.19.10:298][  0]LogConfig: Setting CVar [[r.HairStrands.DeepShadow.SuperSampling:0]]
[2021.03.25-11.19.10:298][  0]LogConfig: Setting CVar [[r.HairStrands.VisibilityPPLL:0]]
[2021.03.25-11.19.10:298][  0]LogConfig: Setting CVar [[r.HairStrands.RasterizationScale:0.5]]
[2021.03.25-11.19.10:298][  0]LogConfig: Setting CVar [[r.HairStrands.VelocityRasterizationScale:1]]
[2021.03.25-11.19.10:298][  0]LogConfig: Applying CVar settings from Section [Startup] File [../../../Engine/Config/ConsoleVariables.ini]
[2021.03.25-11.19.10:298][  0]LogConfig: Setting CVar [[net.UseAdaptiveNetUpdateFrequency:0]]
[2021.03.25-11.19.10:298][  0]LogConfig: Setting CVar [[p.chaos.AllowCreatePhysxBodies:1]]
[2021.03.25-11.19.10:298][  0]LogConfig: Setting CVar [[fx.SkipVectorVMBackendOptimizations:1]]
[2021.03.25-11.19.10:298][  0]LogConfig: Applying CVar settings from Section [ConsoleVariables] File [D:/unreal/TamSkadLecaTracery/TamSkadLecaTracery/TamSkadLecaTracery/Saved/Config/Windows/Engine.ini]
[2021.03.25-11.19.10:299][  0]LogInit: Computer: LAPTOP-RK0JDNJV
[2021.03.25-11.19.10:299][  0]LogInit: User: pghos
[2021.03.25-11.19.10:299][  0]LogInit: CPU Page size=4096, Cores=4
[2021.03.25-11.19.10:299][  0]LogInit: High frequency timer resolution =10.000000 MHz
[2021.03.25-11.19.10:299][  0]LogMemory: Memory total: Physical=7.9GB (8GB approx)
[2021.03.25-11.19.10:299][  0]LogMemory: Platform Memory Stats for Windows
[2021.03.25-11.19.10:299][  0]LogMemory: Process Physical Memory: 115.75 MB used, 115.75 MB peak
[2021.03.25-11.19.10:299][  0]LogMemory: Process Virtual Memory: 106.20 MB used, 106.20 MB peak
[2021.03.25-11.19.10:299][  0]LogMemory: Physical Memory: 7104.79 MB used,  935.45 MB free, 8040.24 MB total
[2021.03.25-11.19.10:299][  0]LogMemory: Virtual Memory: 5153.21 MB used,  134212576.00 MB free, 134217728.00 MB total
[2021.03.25-11.19.10:305][  0]LogWindows: WindowsPlatformFeatures enabled
[2021.03.25-11.19.10:356][  0]LogInit: Physics initialised using underlying interface: PhysX
[2021.03.25-11.19.10:357][  0]LogInit: Using OS detected language (pl-PL).
[2021.03.25-11.19.10:357][  0]LogInit: Using OS detected locale (pl-PL).
[2021.03.25-11.19.10:359][  0]LogTextLocalizationManager: No specific localization for 'pl-PL' exists, so the 'pl' localization will be used.
[2021.03.25-11.19.10:359][  0]LogTextLocalizationResource: LocRes '../../../Engine/Content/Localization/Editor/pl/Editor.locres' could not be opened for reading!
[2021.03.25-11.19.10:360][  0]LogTextLocalizationResource: LocRes '../../../Engine/Content/Localization/EditorTutorials/pl/EditorTutorials.locres' could not be opened for reading!
[2021.03.25-11.19.10:360][  0]LogTextLocalizationResource: LocRes '../../../Engine/Content/Localization/Keywords/pl/Keywords.locres' could not be opened for reading!
[2021.03.25-11.19.10:360][  0]LogTextLocalizationResource: LocRes '../../../Engine/Content/Localization/Category/pl/Category.locres' could not be opened for reading!
[2021.03.25-11.19.10:360][  0]LogTextLocalizationResource: LocRes '../../../Engine/Content/Localization/ToolTips/pl/ToolTips.locres' could not be opened for reading!
[2021.03.25-11.19.10:360][  0]LogTextLocalizationResource: LocRes '../../../Engine/Content/Localization/PropertyNames/pl/PropertyNames.locres' could not be opened for reading!
[2021.03.25-11.19.10:360][  0]LogTextLocalizationResource: LocRes '../../../Engine/Content/Localization/Engine/pl/Engine.locres' could not be opened for reading!
[2021.03.25-11.19.10:361][  0]LogInit: Setting process to per monitor DPI aware
[2021.03.25-11.19.10:398][  0]LogSlate: New Slate User Created.  User Index 0, Is Virtual User: 0
[2021.03.25-11.19.10:398][  0]LogSlate: Slate User Registered.  User Index 0, Is Virtual User: 0
[2021.03.25-11.19.10:529][  0]LogHMD: Failed to initialize OpenVR with code 110
[2021.03.25-11.19.10:529][  0]LogD3D11RHI: D3D11 min allowed feature level: 11_0
[2021.03.25-11.19.10:529][  0]LogD3D11RHI: D3D11 max allowed feature level: 11_0
[2021.03.25-11.19.10:529][  0]LogD3D11RHI: D3D11 adapters:
[2021.03.25-11.19.10:604][  0]LogD3D11RHI:    0. 'NVIDIA GeForce GTX 1660 Ti' (Feature Level 11_0)
[2021.03.25-11.19.10:604][  0]LogD3D11RHI:       5991/0/4020 MB DedicatedVideo/DedicatedSystem/SharedSystem, Outputs:1, VendorId:0x10de
[2021.03.25-11.19.10:627][  0]LogD3D11RHI:    1. 'Intel(R) UHD Graphics 630' (Feature Level 11_0)
[2021.03.25-11.19.10:627][  0]LogD3D11RHI:       128/0/4020 MB DedicatedVideo/DedicatedSystem/SharedSystem, Outputs:1, VendorId:0x8086
[2021.03.25-11.19.10:629][  0]LogD3D11RHI:    2. 'Microsoft Basic Render Driver' (Feature Level 11_0)
[2021.03.25-11.19.10:629][  0]LogD3D11RHI:       0/0/4020 MB DedicatedVideo/DedicatedSystem/SharedSystem, Outputs:0, VendorId:0x1414
[2021.03.25-11.19.10:629][  0]LogD3D11RHI: Chosen D3D11 Adapter: 0
[2021.03.25-11.19.10:636][  0]LogD3D11RHI: Creating new Direct3DDevice
[2021.03.25-11.19.10:636][  0]LogD3D11RHI:     GPU DeviceId: 0x2191 (for the marketing name, search the web for "GPU Device Id")
[2021.03.25-11.19.10:636][  0]LogWindows: EnumDisplayDevices:
[2021.03.25-11.19.10:636][  0]LogWindows:    0. 'Intel(R) UHD Graphics 630' (P:0 D:1)
[2021.03.25-11.19.10:636][  0]LogWindows:    1. 'Intel(R) UHD Graphics 630' (P:0 D:0)
[2021.03.25-11.19.10:637][  0]LogWindows:    2. 'Intel(R) UHD Graphics 630' (P:0 D:0)
[2021.03.25-11.19.10:637][  0]LogWindows:    3. 'NVIDIA GeForce GTX 1660 Ti' (P:1 D:1)
[2021.03.25-11.19.10:637][  0]LogWindows: DebugString: PrimaryIsNotTheChoosenAdapter PrimaryIsNotTheChoosenAdapter PrimaryIsNotTheChoosenAdapter 
[2021.03.25-11.19.10:637][  0]LogD3D11RHI:     Adapter Name: NVIDIA GeForce GTX 1660 Ti
[2021.03.25-11.19.10:637][  0]LogD3D11RHI:   Driver Version: 457.30 (internal:27.21.14.5730, unified:457.30)
[2021.03.25-11.19.10:637][  0]LogD3D11RHI:      Driver Date: 11-6-2020
[2021.03.25-11.19.10:637][  0]LogRHI: Texture pool is 4193 MB (70% of 5991 MB)
[2021.03.25-11.19.10:687][  0]LogD3D11RHI: RHI has support for 64 bit atomics
[2021.03.25-11.19.10:687][  0]LogD3D11RHI: Async texture creation enabled
[2021.03.25-11.19.10:687][  0]LogD3D11RHI: Array index from any shader is supported
[2021.03.25-11.19.10:704][  0]LogD3D11RHI: GPU Timing Frequency: 1000.000000 (Debug: 2 1)
[2021.03.25-11.19.10:978][  0]LogTargetPlatformManager: Display: Loaded TargetPlatform 'AllDesktop'
[2021.03.25-11.19.11:000][  0]LogTargetPlatformManager: Display: Loaded TargetPlatform 'Android'
[2021.03.25-11.19.11:000][  0]LogTargetPlatformManager: Display: Loaded TargetPlatform 'Android_ASTC'
[2021.03.25-11.19.11:000][  0]LogTargetPlatformManager: Display: Loaded TargetPlatform 'Android_DXT'
[2021.03.25-11.19.11:000][  0]LogTargetPlatformManager: Display: Loaded TargetPlatform 'Android_ETC2'
[2021.03.25-11.19.11:000][  0]LogTargetPlatformManager: Display: Loaded TargetPlatform 'AndroidClient'
[2021.03.25-11.19.11:000][  0]LogTargetPlatformManager: Display: Loaded TargetPlatform 'Android_ASTCClient'
[2021.03.25-11.19.11:000][  0]LogTargetPlatformManager: Display: Loaded TargetPlatform 'Android_DXTClient'
[2021.03.25-11.19.11:000][  0]LogTargetPlatformManager: Display: Loaded TargetPlatform 'Android_ETC2Client'
[2021.03.25-11.19.11:000][  0]LogTargetPlatformManager: Display: Loaded TargetPlatform 'Android_Multi'
[2021.03.25-11.19.11:000][  0]LogTargetPlatformManager: Display: Loaded TargetPlatform 'Android_MultiClient'
[2021.03.25-11.19.11:022][  0]LogTargetPlatformManager: Display: Loaded TargetPlatform 'IOSClient'
[2021.03.25-11.19.11:022][  0]LogTargetPlatformManager: Display: Loaded TargetPlatform 'IOS'
[2021.03.25-11.19.11:031][  0]LogTargetPlatformManager: Display: Loaded TargetPlatform 'Linux'
[2021.03.25-11.19.11:040][  0]LogTargetPlatformManager: Display: Loaded TargetPlatform 'LinuxNoEditor'
[2021.03.25-11.19.11:049][  0]LogTargetPlatformManager: Display: Loaded TargetPlatform 'LinuxClient'
[2021.03.25-11.19.11:057][  0]LogTargetPlatformManager: Display: Loaded TargetPlatform 'LinuxServer'
[2021.03.25-11.19.11:065][  0]LogTargetPlatformManager: Display: Loaded TargetPlatform 'LinuxAArch64NoEditor'
[2021.03.25-11.19.11:073][  0]LogTargetPlatformManager: Display: Loaded TargetPlatform 'LinuxAArch64Client'
[2021.03.25-11.19.11:081][  0]LogTargetPlatformManager: Display: Loaded TargetPlatform 'LinuxAArch64Server'
[2021.03.25-11.19.11:102][  0]LogTargetPlatformManager: Display: Loaded TargetPlatform 'Lumin'
[2021.03.25-11.19.11:102][  0]LogTargetPlatformManager: Display: Loaded TargetPlatform 'LuminClient'
[2021.03.25-11.19.11:116][  0]LogTargetPlatformManager: Display: Loaded TargetPlatform 'TVOSClient'
[2021.03.25-11.19.11:116][  0]LogTargetPlatformManager: Display: Loaded TargetPlatform 'TVOS'
[2021.03.25-11.19.11:125][  0]LogTargetPlatformManager: Display: Loaded TargetPlatform 'WindowsNoEditor'
[2021.03.25-11.19.11:133][  0]LogTargetPlatformManager: Display: Loaded TargetPlatform 'Windows'
[2021.03.25-11.19.11:142][  0]LogTargetPlatformManager: Display: Loaded TargetPlatform 'WindowsClient'
[2021.03.25-11.19.11:150][  0]LogTargetPlatformManager: Display: Loaded TargetPlatform 'WindowsServer'
[2021.03.25-11.19.11:150][  0]LogTargetPlatformManager: Display: Building Assets For Windows
[2021.03.25-11.19.11:158][  0]LogAudioDebug: Display: Lib vorbis DLL was dynamically loaded.
[2021.03.25-11.19.11:218][  0]LogShaderCompilers: Guid format shader working directory is -23 characters bigger than the processId version (../../../../TamSkadLecaTracery/TamSkadLecaTracery/TamSkadLecaTracery/Intermediate/Shaders/WorkingDirectory/12864/).
[2021.03.25-11.19.11:218][  0]LogShaderCompilers: Cleaned the shader compiler working directory 'C:/Users/pghos/AppData/Local/Temp/UnrealShaderWorkingDir/F5854635487960B16077C7ACA3AFA266/'.
[2021.03.25-11.19.11:219][  0]LogXGEController: Cannot use XGE Controller as Incredibuild is not installed on this machine.
[2021.03.25-11.19.11:219][  0]LogShaderCompilers: Cannot use XGE Shader Compiler as Incredibuild is not installed on this machine.
[2021.03.25-11.19.11:219][  0]LogShaderCompilers: Display: Using Local Shader Compiler.
[2021.03.25-11.19.11:884][  0]LogDerivedDataCache: Display: Max Cache Size: 512 MB
[2021.03.25-11.19.11:937][  0]LogDerivedDataCache: Loaded boot cache 0.05s 76MB C:/Users/pghos/AppData/Local/UnrealEngine/4.25/DerivedDataCache/Boot.ddc.
[2021.03.25-11.19.11:937][  0]LogDerivedDataCache: Display: Loaded Boot cache: C:/Users/pghos/AppData/Local/UnrealEngine/4.25/DerivedDataCache/Boot.ddc
[2021.03.25-11.19.11:937][  0]LogDerivedDataCache: FDerivedDataBackendGraph:  Pak pak cache file ../../../../TamSkadLecaTracery/TamSkadLecaTracery/TamSkadLecaTracery/DerivedDataCache/DDC.ddp not found, will not use a pak cache.
[2021.03.25-11.19.11:937][  0]LogDerivedDataCache: Unable to find inner node Pak for hierarchical cache Hierarchy.
[2021.03.25-11.19.11:937][  0]LogDerivedDataCache: FDerivedDataBackendGraph:  CompressedPak pak cache file ../../../../TamSkadLecaTracery/TamSkadLecaTracery/TamSkadLecaTracery/DerivedDataCache/Compressed.ddp not found, will not use a pak cache.
[2021.03.25-11.19.11:937][  0]LogDerivedDataCache: Unable to find inner node CompressedPak for hierarchical cache Hierarchy.
[2021.03.25-11.19.11:947][  0]LogDerivedDataCache: Display: Pak cache opened for reading ../../../Engine/DerivedDataCache/Compressed.ddp.
[2021.03.25-11.19.11:947][  0]LogDerivedDataCache: FDerivedDataBackendGraph:  EnterprisePak pak cache file ../../../Enterprise/DerivedDataCache/Compressed.ddp not found, will not use a pak cache.
[2021.03.25-11.19.11:947][  0]LogDerivedDataCache: Unable to find inner node EnterprisePak for hierarchical cache Hierarchy.
[2021.03.25-11.19.11:948][  0]LogDerivedDataCache: Using Local data cache path C:/Users/pghos/AppData/Local/UnrealEngine/Common/DerivedDataCache: Writable
[2021.03.25-11.19.11:949][  0]LogDerivedDataCache: Shared data cache path not found in *engine.ini, will not use an Shared cache.
[2021.03.25-11.19.11:949][  0]LogDerivedDataCache: Unable to find inner node Shared for hierarchical cache Hierarchy.
[2021.03.25-11.19.11:994][  0]LogSlate: Using FreeType 2.10.0
[2021.03.25-11.19.11:995][  0]LogSlate: SlateFontServices - WITH_FREETYPE: 1, WITH_HARFBUZZ: 1
[2021.03.25-11.19.12:020][  0]LogAssetRegistry: FAssetRegistry took 0.0020 seconds to start up
[2021.03.25-11.19.12:217][  0]LogInit: Selected Device Profile: [Windows]
[2021.03.25-11.19.12:324][  0]LogMeshReduction: Using QuadricMeshReduction for automatic static mesh reduction
[2021.03.25-11.19.12:324][  0]LogMeshReduction: Using SimplygonMeshReduction for automatic skeletal mesh reduction
[2021.03.25-11.19.12:324][  0]LogMeshReduction: Using ProxyLODMeshReduction for automatic mesh merging
[2021.03.25-11.19.12:324][  0]LogMeshReduction: No distributed automatic mesh merging module available
[2021.03.25-11.19.12:324][  0]LogMeshMerging: No distributed automatic mesh merging module available
[2021.03.25-11.19.12:337][  0]LogNetVersion: TamSkadLecaTracery 1.0.0, NetCL: 13144385, EngineNetVer: 14, GameNetVer: 0 (Checksum: 3160615622)
[2021.03.25-11.19.12:700][  0]LogAISub: UAISubsystem::UAISubsystem AISubsystem (00000208CF6A6F80), frame # 0
[2021.03.25-11.19.12:700][  0]LogAISub: UAISubsystem::UAISubsystem AIPerceptionSystem (00000208CF656AC0), frame # 0
[2021.03.25-11.19.12:701][  0]LogAISub: UAISubsystem::UAISubsystem EnvQueryManager (00000208CF6A9E00), frame # 0
[2021.03.25-11.19.12:766][  0]LogPackageLocalizationCache: Processed 19 localized package path(s) for 1 prioritized culture(s) in 0.059089 seconds
[2021.03.25-11.19.12:771][  0]LogUObjectArray: 15917 objects as part of root set at end of initial load.
[2021.03.25-11.19.12:771][  0]LogUObjectAllocator: 3965568 out of 0 bytes used by permanent object pool.
[2021.03.25-11.19.12:771][  0]LogUObjectArray: CloseDisregardForGC: 0/0 objects in disregard for GC pool
[2021.03.25-11.19.13:133][  0]LogTcpMessaging: Initializing TcpMessaging bridge
[2021.03.25-11.19.13:138][  0]LogUdpMessaging: Initializing bridge on interface 0.0.0.0:0 to multicast group 230.0.0.1:6666.
[2021.03.25-11.19.13:240][  0]SourceControl: Source control is disabled
[2021.03.25-11.19.13:240][  0]SourceControl: Source control is disabled
[2021.03.25-11.19.13:244][  0]SourceControl: Source control is disabled
[2021.03.25-11.19.13:248][  0]SourceControl: Source control is disabled
[2021.03.25-11.19.13:255][  0]SourceControl: Source control is disabled
[2021.03.25-11.19.13:495][  0]LogAndroidPermission: UAndroidPermissionCallbackProxy::GetInstance
[2021.03.25-11.19.13:517][  0]LogAudioCaptureCore: Display: No Audio Capture implementations found. Audio input will be silent.
[2021.03.25-11.19.13:517][  0]LogAudioCaptureCore: Display: No Audio Capture implementations found. Audio input will be silent.
[2021.03.25-11.19.13:564][  0]LogOcInput: OculusInput pre-init called
[2021.03.25-11.19.13:573][  0]LogWindows: Failed to load 'OVRPlugin.dll' (GetLastError=126)
[2021.03.25-11.19.13:573][  0]LogWindows: File 'OVRPlugin.dll' does not exist
[2021.03.25-11.19.13:631][  0]LogEngine: Initializing Engine...
[2021.03.25-11.19.13:634][  0]LogHMD: Failed to initialize OpenVR with code 110
[2021.03.25-11.19.13:634][  0]LogMagicLeap: Warning: VR disabled because ZI is not enabled.  To enable, in the editor, Edit -> Project Settings -> Plugins -> Magic Leap Plugin -> Enable Zero Iteration
[2021.03.25-11.19.13:636][  0]LogStats: UGameplayTagsManager::InitializeManager -  0.000 s
[2021.03.25-11.19.13:738][  0]LogInit: Initializing FReadOnlyCVARCache
[2021.03.25-11.19.13:746][  0]LogAIModule: Creating AISystem for world Untitled
[2021.03.25-11.19.13:746][  0]LogAISub: UAISubsystem::UAISubsystem EnvQueryManager (00000208D5885A00), frame # 0
[2021.03.25-11.19.13:746][  0]LogAISub: UAISubsystem::UAISubsystem AIPerceptionSystem (00000208D58AA980), frame # 0
[2021.03.25-11.19.13:764][  0]LogAudioMixer: Display: Audio Mixer Platform Settings:
[2021.03.25-11.19.13:764][  0]LogAudioMixer: Display: 	Sample Rate:						  48000
[2021.03.25-11.19.13:765][  0]LogAudioMixer: Display: 	Callback Buffer Frame Size Requested: 1024
[2021.03.25-11.19.13:765][  0]LogAudioMixer: Display: 	Callback Buffer Frame Size To Use:	  1024
[2021.03.25-11.19.13:765][  0]LogAudioMixer: Display: 	Number of buffers to queue:			  2
[2021.03.25-11.19.13:765][  0]LogAudioMixer: Display: 	Max Channels (voices):				  32
[2021.03.25-11.19.13:765][  0]LogAudioMixer: Display: 	Number of Async Source Workers:		  0
[2021.03.25-11.19.13:765][  0]LogAudio: Display: AudioDevice MaxSources: 32
[2021.03.25-11.19.13:765][  0]LogAudio: Display: Using built-in audio occlusion.
[2021.03.25-11.19.13:765][  0]LogAudioMixer: Display: Initializing audio mixer.
[2021.03.25-11.19.13:774][  0]LogAudioMixer: Display: 0: FrontLeft
[2021.03.25-11.19.13:774][  0]LogAudioMixer: Display: 1: FrontRight
[2021.03.25-11.19.13:807][  0]LogAudioMixer: Display: Using Audio Device Głośniki (USB Audio Device)
[2021.03.25-11.19.13:810][  0]LogAudioMixer: Display: Initializing Sound Submixes...
[2021.03.25-11.19.13:812][  0]LogAudioMixer: Display: Creating Master Submix 'MasterSubmixDefault'
[2021.03.25-11.19.13:812][  0]LogAudioMixer: Display: Creating Master Submix 'MasterReverbSubmixDefault'
[2021.03.25-11.19.13:813][  0]LogAudioMixer: Display: Creating Master Submix 'MasterEQSubmixDefault'
[2021.03.25-11.19.13:814][  0]LogInit: FAudioDevice initialized.
[2021.03.25-11.19.13:814][  0]LogNetVersion: Set ProjectVersion to 1.0.0.0. Version Checksum will be recalculated on next use.
[2021.03.25-11.19.13:866][  0]LogDerivedDataCache: Saved boot cache 0.05s 76MB C:/Users/pghos/AppData/Local/UnrealEngine/4.25/DerivedDataCache/Boot.ddc.
[2021.03.25-11.19.13:870][  0]LogInit: Texture streaming: Enabled
[2021.03.25-11.19.13:889][  0]LogEngineSessionManager: EngineSessionManager initialized
[2021.03.25-11.19.13:889][  0]LogEditorSessionSummary: Verbose: Initializing EditorSessionSummaryWriter for editor session tracking
[2021.03.25-11.19.13:895][  0]LogEditorSessionSummary: EditorSessionSummaryWriter initialized
[2021.03.25-11.19.14:006][  0]LogInit: Transaction tracking system initialized
[2021.03.25-11.19.14:031][  0]BlueprintLog: New page: Editor Load
[2021.03.25-11.19.14:110][  0]LocalizationService: Localization service is disabled
[2021.03.25-11.19.14:266][  0]LogCook: Display: Max memory allowance for cook 16384mb min free memory 0mb
[2021.03.25-11.19.14:266][  0]LogCook: Display: Mobile HDR setting 1
[2021.03.25-11.19.14:402][  0]LogFileCache: Scanning file cache for directory 'D:/unreal/TamSkadLecaTracery/TamSkadLecaTracery/TamSkadLecaTracery/Content/' took 0.01s
[2021.03.25-11.19.14:592][  0]SourceControl: Source control is disabled
[2021.03.25-11.19.14:592][  0]LogUnrealEdMisc: Loading editor; pre map load, took 5.663
[2021.03.25-11.19.14:592][  0]Cmd: MAP LOAD FILE="../../../../TamSkadLecaTracery/TamSkadLecaTracery/TamSkadLecaTracery/Content/GameModes/Standard/MP_TestLevel.umap" TEMPLATE=0 SHOWPROGRESS=1 FEATURELEVEL=3
[2021.03.25-11.19.14:593][  0]LightingResults: New page: Lighting Build
[2021.03.25-11.19.14:593][  0]LogWorld: UWorld::CleanupWorld for Untitled, bSessionEnded=true, bCleanupResources=true
[2021.03.25-11.19.14:593][  0]LogSlate: InvalidateAllWidgets triggered.  All widgets were invalidated
[2021.03.25-11.19.14:593][  0]MapCheck: New page: Map Check
[2021.03.25-11.19.14:593][  0]LightingResults: New page: Lighting Build
[2021.03.25-11.19.14:600][  0]LogAISub: UAISubsystem::~UAISubsystem EnvQueryManager (00000208D5885A00), frame # 0
[2021.03.25-11.19.14:600][  0]LogAISub: UAISubsystem::~UAISubsystem AIPerceptionSystem (00000208D58AA980), frame # 0
[2021.03.25-11.19.14:601][  0]LogUObjectHash: Compacting FUObjectHashTables data took   0.57ms
[2021.03.25-11.19.15:668][  0]LogAIModule: Creating AISystem for world MP_TestLevel
[2021.03.25-11.19.15:668][  0]LogAISub: UAISubsystem::UAISubsystem EnvQueryManager (00000208E3F1FE00), frame # 0
[2021.03.25-11.19.15:668][  0]LogAISub: UAISubsystem::UAISubsystem AIPerceptionSystem (00000208CFBF3880), frame # 0
[2021.03.25-11.19.15:770][  0]LogEditorServer: Finished looking for orphan Actors (0.000 secs)
[2021.03.25-11.19.15:793][  0]LogUObjectHash: Compacting FUObjectHashTables data took   1.23ms
[2021.03.25-11.19.15:793][  0]Cmd: MAP CHECKDEP NOCLEARLOG
[2021.03.25-11.19.15:793][  0]MapCheck: Map check complete: 0 Error(s), 0 Warning(s), took 0,086ms to complete.
[2021.03.25-11.19.15:793][  0]LogFileHelpers: Loading map 'MP_TestLevel' took 1.201
[2021.03.25-11.19.15:797][  0]LogUnrealEdMisc: Total Editor Startup Time, took 6.868
[2021.03.25-11.19.15:970][  0]LogCollectionManager: Loaded 0 collections in 0.000714 seconds
[2021.03.25-11.19.15:997][  0]LogFileCache: Scanning file cache for directory 'D:/unreal/TamSkadLecaTracery/TamSkadLecaTracery/TamSkadLecaTracery/Saved/Collections/' took 0.00s
[2021.03.25-11.19.15:997][  0]LogFileCache: Scanning file cache for directory 'D:/unreal/TamSkadLecaTracery/TamSkadLecaTracery/TamSkadLecaTracery/Content/Developers/pghos/Collections/' took 0.00s
[2021.03.25-11.19.15:997][  0]LogFileCache: Scanning file cache for directory 'D:/unreal/TamSkadLecaTracery/TamSkadLecaTracery/TamSkadLecaTracery/Content/Collections/' took 0.00s
[2021.03.25-11.19.15:997][  0]LogContentBrowser: Native class hierarchy populated in 0.0091 seconds. Added 3449 classes and 825 folders.
[2021.03.25-11.19.16:008][  0]LogContentBrowser: Native class hierarchy updated for 'WidgetCarousel' in 0.0003 seconds. Added 0 classes and 0 folders.
[2021.03.25-11.19.16:166][  0]LogContentBrowser: Native class hierarchy updated for 'AddContentDialog' in 0.0003 seconds. Added 0 classes and 0 folders.
[2021.03.25-11.19.16:200][  0]LogSlate: Updating window title bar state: overlay mode, drag disabled, window buttons hidden, title bar hidden
[2021.03.25-11.19.16:206][  0]LogSlate: Updating window title bar state: overlay mode, drag disabled, window buttons hidden, title bar hidden
[2021.03.25-11.19.16:213][  0]LogSlate: Updating window title bar state: overlay mode, drag disabled, window buttons hidden, title bar hidden
[2021.03.25-11.19.16:220][  0]LogSlate: Updating window title bar state: overlay mode, drag disabled, window buttons hidden, title bar hidden
[2021.03.25-11.19.16:238][  0]LogContentBrowser: Native class hierarchy updated for 'SceneOutliner' in 0.0004 seconds. Added 2 classes and 0 folders.
[2021.03.25-11.19.16:321][  0]LogSlate: Took 0.000269 seconds to synchronously load lazily loaded font '../../../Engine/Content/Slate/Fonts/Roboto-Regular.ttf' (155K)
[2021.03.25-11.19.16:323][  0]LogSlate: Took 0.000135 seconds to synchronously load lazily loaded font '../../../Engine/Content/Slate/Fonts/Roboto-Bold.ttf' (160K)
[2021.03.25-11.19.16:325][  0]LogSlate: Took 0.000520 seconds to synchronously load lazily loaded font '../../../Engine/Content/Editor/Slate/Fonts/FontAwesome.ttf' (139K)
[2021.03.25-11.19.16:332][  0]LogSlate: Took 0.000799 seconds to synchronously load lazily loaded font '../../../Engine/Content/Slate/Fonts/DroidSansMono.ttf' (77K)
[2021.03.25-11.19.16:392][  0]LogSlate: Took 0.000843 seconds to synchronously load lazily loaded font '../../../Engine/Content/Slate/Fonts/Roboto-Light.ttf' (167K)
[2021.03.25-11.19.16:483][  0]LogRenderer: Reallocating scene render targets to support 1128x652 Format 9 NumSamples 1 (Frame:1).
[2021.03.25-11.19.16:630][  0]LogContentBrowser: Native class hierarchy updated for 'HierarchicalLODOutliner' in 0.0003 seconds. Added 0 classes and 0 folders.
[2021.03.25-11.19.16:630][  0]LogLoad: (Engine Initialization) Total time: 7.70 seconds
[2021.03.25-11.19.16:630][  0]LogLoad: (Engine Initialization) Total Blueprint compile time: 0.00 seconds
[2021.03.25-11.19.16:866][  0]LogAssetRegistry: Asset discovery search completed in 4.8470 seconds
[2021.03.25-11.19.16:869][  0]LogCollectionManager: Fixed up redirectors for 0 collections in 0.000002 seconds (updated 0 objects)
[2021.03.25-11.19.16:871][  0]LogContentStreaming: Texture pool size now 800 MB
[2021.03.25-11.19.17:709][ 38]LogSlate: Took 0.000250 seconds to synchronously load lazily loaded font '../../../Engine/Content/Slate/Fonts/Roboto-Light.ttf' (167K)
[2021.03.25-11.19.18:532][ 70]Candidate modules for hot reload:
[2021.03.25-11.19.18:532][ 70]  TamSkadLecaTracery
[2021.03.25-11.19.18:532][ 70]Launching UnrealBuildTool... [D:/unreal/UE_4.25/Engine/Binaries/DotNET/UnrealBuildTool.exe  -ModuleWithSuffix=TamSkadLecaTracery,595 TamSkadLecaTraceryEditor Win64 Development -Project="D:/unreal/TamSkadLecaTracery/TamSkadLecaTracery/TamSkadLecaTracery/TamSkadLecaTracery.uproject" "D:/unreal/TamSkadLecaTracery/TamSkadLecaTracery/TamSkadLecaTracery/TamSkadLecaTracery.uproject"  -IgnoreJunk]
[2021.03.25-11.19.18:535][ 70]Warning: Starting HotReload took  0.0s.
[2021.03.25-11.19.26:552][535]CompilerResultsLog: New page: Compilation - 25 mar 2021, 13:19:26
[2021.03.25-11.19.26:552][535]CompilerResultsLog: Using 'git status' to determine working set for adaptive non-unity build (D:\unreal\TamSkadLecaTracery\TamSkadLecaTracery).
[2021.03.25-11.19.26:553][535]CompilerResultsLog: Parsing headers for TamSkadLecaTraceryEditor
[2021.03.25-11.19.26:553][535]CompilerResultsLog:   Running UnrealHeaderTool "D:\unreal\TamSkadLecaTracery\TamSkadLecaTracery\TamSkadLecaTracery\TamSkadLecaTracery.uproject" "D:\unreal\TamSkadLecaTracery\TamSkadLecaTracery\TamSkadLecaTracery\Intermediate\Build\Win64\TamSkadLecaTraceryEditor\Development\TamSkadLecaTraceryEditor.uhtmanifest" -LogCmds="loginit warning, logexit warning, logdatabase error" -Unattended -WarningsAsErrors -abslog="C:\Users\pghos\AppData\Local\UnrealBuildTool\Log_UHT.txt" -installed
[2021.03.25-11.19.26:553][535]CompilerResultsLog: Error: D:/unreal/TamSkadLecaTracery/TamSkadLecaTracery/TamSkadLecaTracery/Source/TamSkadLecaTracery/SaveGameParent.h(25)  : LogCompile: Error: Type 'uint32' is not supported by blueprint. SaveGameParent.UserIndex
[2021.03.25-11.19.26:553][535]LogMainFrame: MainFrame: Module compiling took 8.026 seconds
[2021.03.25-11.19.26:553][535]Warning: HotReload failed, recompile failed
[2021.03.25-11.19.57:231][420]LogSlate: Window 'Message Log' being destroyed
[2021.03.25-11.19.57:236][420]LogSlate: Window 'Message Log' being destroyed
[2021.03.25-11.19.59:577][557]Candidate modules for hot reload:
[2021.03.25-11.19.59:577][557]  TamSkadLecaTracery
[2021.03.25-11.19.59:577][557]Launching UnrealBuildTool... [D:/unreal/UE_4.25/Engine/Binaries/DotNET/UnrealBuildTool.exe  -ModuleWithSuffix=TamSkadLecaTracery,7505 TamSkadLecaTraceryEditor Win64 Development -Project="D:/unreal/TamSkadLecaTracery/TamSkadLecaTracery/TamSkadLecaTracery/TamSkadLecaTracery.uproject" "D:/unreal/TamSkadLecaTracery/TamSkadLecaTracery/TamSkadLecaTracery/TamSkadLecaTracery.uproject"  -IgnoreJunk]
[2021.03.25-11.19.59:582][557]Warning: Starting HotReload took  0.0s.
[2021.03.25-11.20.17:043][586]CompilerResultsLog: New page: Compilation - 25 mar 2021, 13:20:17
[2021.03.25-11.20.17:044][586]CompilerResultsLog: Using 'git status' to determine working set for adaptive non-unity build (D:\unreal\TamSkadLecaTracery\TamSkadLecaTracery).
[2021.03.25-11.20.17:044][586]CompilerResultsLog: Parsing headers for TamSkadLecaTraceryEditor
[2021.03.25-11.20.17:044][586]CompilerResultsLog:   Running UnrealHeaderTool "D:\unreal\TamSkadLecaTracery\TamSkadLecaTracery\TamSkadLecaTracery\TamSkadLecaTracery.uproject" "D:\unreal\TamSkadLecaTracery\TamSkadLecaTracery\TamSkadLecaTracery\Intermediate\Build\Win64\TamSkadLecaTraceryEditor\Development\TamSkadLecaTraceryEditor.uhtmanifest" -LogCmds="loginit warning, logexit warning, logdatabase error" -Unattended -WarningsAsErrors -abslog="C:\Users\pghos\AppData\Local\UnrealBuildTool\Log_UHT.txt" -installed
[2021.03.25-11.20.17:044][586]CompilerResultsLog: Reflection code generated for TamSkadLecaTraceryEditor in 7,6147626 seconds
[2021.03.25-11.20.17:044][586]CompilerResultsLog: Building TamSkadLecaTraceryEditor...
[2021.03.25-11.20.17:044][586]CompilerResultsLog: Using Visual Studio 2019 14.26.28806 toolchain (C:\Program Files (x86)\Microsoft Visual Studio\2019\Community\VC\Tools\MSVC\14.26.28801) and Windows 10.0.18362.0 SDK (C:\Program Files (x86)\Windows Kits\10).
[2021.03.25-11.20.17:044][586]CompilerResultsLog: Building 7 actions with 8 processes...
[2021.03.25-11.20.17:044][586]CompilerResultsLog:   [1/7] TamSkadLecaTracery.init.gen.cpp
[2021.03.25-11.20.17:044][586]CompilerResultsLog:   [2/7] TamSkadLecaTracery.cpp
[2021.03.25-11.20.17:044][586]CompilerResultsLog:   [3/7] SaveGameParent.cpp
[2021.03.25-11.20.17:044][586]CompilerResultsLog:   [4/7] SaveGameParent.gen.cpp
[2021.03.25-11.20.17:044][586]CompilerResultsLog:   [5/7] UE4Editor-TamSkadLecaTracery-7505.lib
[2021.03.25-11.20.17:044][586]CompilerResultsLog:      Trwa tworzenie biblioteki D:\unreal\TamSkadLecaTracery\TamSkadLecaTracery\TamSkadLecaTracery\Intermediate\Build\Win64\UE4Editor\Development\TamSkadLecaTracery\UE4Editor-TamSkadLecaTracery-7505.lib i obiektu D:\unreal\TamSkadLecaTracery\TamSkadLecaTracery\TamSkadLecaTracery\Intermediate\Build\Win64\UE4Editor\Development\TamSkadLecaTracery\UE4Editor-TamSkadLecaTracery-7505.exp
[2021.03.25-11.20.17:044][586]CompilerResultsLog:   [6/7] UE4Editor-TamSkadLecaTracery-7505.dll
[2021.03.25-11.20.17:044][586]CompilerResultsLog:      Trwa tworzenie biblioteki D:\unreal\TamSkadLecaTracery\TamSkadLecaTracery\TamSkadLecaTracery\Intermediate\Build\Win64\UE4Editor\Development\TamSkadLecaTracery\UE4Editor-TamSkadLecaTracery-7505.suppressed.lib i obiektu D:\unreal\TamSkadLecaTracery\TamSkadLecaTracery\TamSkadLecaTracery\Intermediate\Build\Win64\UE4Editor\Development\TamSkadLecaTracery\UE4Editor-TamSkadLecaTracery-7505.suppressed.exp
[2021.03.25-11.20.17:045][586]CompilerResultsLog:   [7/7] TamSkadLecaTraceryEditor.target
[2021.03.25-11.20.17:045][586]CompilerResultsLog: Total time in Parallel executor: 8,43 seconds
[2021.03.25-11.20.17:045][586]CompilerResultsLog: Total execution time: 17,34 seconds
[2021.03.25-11.20.17:045][586]LogMainFrame: MainFrame: Module compiling took 17.473 seconds
[2021.03.25-11.20.17:119][586]LogClass: Could not find existing class SaveGameParent in package /Script/TamSkadLecaTracery for HotReload, assuming new class
[2021.03.25-11.20.17:121][586]LogClass: E_PlayerStatus HotReload.
[2021.03.25-11.20.17:121][586]LogClass: ChStates HotReload.
[2021.03.25-11.20.17:142][586]LogHotReload: Re-instancing SaveGameParent after hot-reload.
[2021.03.25-11.20.17:149][586]LogContentBrowser: Native class hierarchy updated for 'TamSkadLecaTracery' in 0.0004 seconds. Added 15 classes and 2 folders.
[2021.03.25-11.20.17:151][586]Display: HotReload successful (19 functions remapped  1 scriptstructs remapped)
[2021.03.25-11.20.17:225][586]LogContentBrowser: Native class hierarchy populated in 0.0112 seconds. Added 3449 classes and 825 folders.
[2021.03.25-11.20.17:226][586]Display: HotReload took 17.7s.
[2021.03.25-11.20.59:455][954]LogHotReload: New module detected: UE4Editor-TamSkadLecaTracery-0004.dll
[2021.03.25-11.21.00:476][958]LogHotReload: Starting Hot-Reload from IDE
[2021.03.25-11.21.00:532][958]LogClass: E_PlayerStatus HotReload.
[2021.03.25-11.21.00:532][958]LogClass: ChStates HotReload.
[2021.03.25-11.21.00:540][958]LogContentBrowser: Native class hierarchy updated for 'TamSkadLecaTracery' in 0.0004 seconds. Added 15 classes and 2 folders.
[2021.03.25-11.21.00:541][958]Display: HotReload successful (19 functions remapped  1 scriptstructs remapped)
[2021.03.25-11.21.00:600][958]LogContentBrowser: Native class hierarchy populated in 0.0084 seconds. Added 3449 classes and 825 folders.
[2021.03.25-11.21.00:603][958]Display: HotReload took  0.1s.
[2021.03.25-11.21.03:728][ 47]LogUObjectHash: Compacting FUObjectHashTables data took   1.05ms
[2021.03.25-11.21.07:579][271]LogAssetEditorSubsystem: Opening Asset editor for Blueprint /Game/SG_DefaultSaveGame.SG_DefaultSaveGame
[2021.03.25-11.21.07:914][271]LogContentBrowser: Native class hierarchy updated for 'BlueprintGraph' in 0.0006 seconds. Added 125 classes and 0 folders.
[2021.03.25-11.21.10:195][350]LogSlate: Window 'Class Defaults' being destroyed
[2021.03.25-11.21.10:199][350]LogSlate: Window 'Class Defaults' being destroyed
[2021.03.25-11.21.10:199][350]LogSlate: Window 'SG_DefaultSaveGame' being destroyed
[2021.03.25-11.21.10:209][350]LogWorld: UWorld::CleanupWorld for World_1, bSessionEnded=true, bCleanupResources=true
[2021.03.25-11.21.10:209][350]LogSlate: InvalidateAllWidgets triggered.  All widgets were invalidated
[2021.03.25-11.21.10:294][350]LogAssetEditorSubsystem: Opening Asset editor for Blueprint /Game/SG_DefaultSaveGame.SG_DefaultSaveGame
[2021.03.25-11.21.10:794][350]LogSlate: Took 0.000704 seconds to synchronously load lazily loaded font '../../../Engine/Content/Slate/Fonts/Roboto-BoldCondensed.ttf' (158K)
[2021.03.25-11.21.19:011][827]LogSlate: Window 'SG_DefaultSaveGame' being destroyed
[2021.03.25-11.21.19:047][827]LogWorld: UWorld::CleanupWorld for World_2, bSessionEnded=true, bCleanupResources=true
[2021.03.25-11.21.19:047][827]LogSlate: InvalidateAllWidgets triggered.  All widgets were invalidated
[2021.03.25-11.21.22:955][896]LogThreadingWindows: Error: Runnable thread TaskGraphThreadBP 12 crashed.
[2021.03.25-11.21.22:955][896]LogWindows: Error: === Critical error: ===
[2021.03.25-11.21.22:955][896]LogWindows: Error: 
[2021.03.25-11.21.22:955][896]LogWindows: Error: Fatal error!
[2021.03.25-11.21.22:955][896]LogWindows: Error: 
[2021.03.25-11.21.22:955][896]LogWindows: Error: Unhandled Exception: EXCEPTION_ACCESS_VIOLATION reading address 0xffffffff
[2021.03.25-11.21.22:955][896]LogWindows: Error: 
[2021.03.25-11.21.22:955][896]LogWindows: Error: [Callstack] 0x00007ff952a29721 UE4Editor-CoreUObject.dll!UnknownFunction []
[2021.03.25-11.21.22:955][896]LogWindows: Error: [Callstack] 0x00007ff952c602c3 UE4Editor-CoreUObject.dll!UnknownFunction []
[2021.03.25-11.21.22:955][896]LogWindows: Error: [Callstack] 0x00007ff952c26da1 UE4Editor-CoreUObject.dll!UnknownFunction []
[2021.03.25-11.21.22:955][896]LogWindows: Error: [Callstack] 0x00007ff952c2e11e UE4Editor-CoreUObject.dll!UnknownFunction []
[2021.03.25-11.21.22:956][896]LogWindows: Error: [Callstack] 0x00007ff93a4b7ad9 UE4Editor-Core.dll!UnknownFunction []
[2021.03.25-11.21.22:956][896]LogWindows: Error: [Callstack] 0x00007ff93a4b8b1d UE4Editor-Core.dll!UnknownFunction []
[2021.03.25-11.21.22:956][896]LogWindows: Error: [Callstack] 0x00007ff93a4c0eeb UE4Editor-Core.dll!UnknownFunction []
[2021.03.25-11.21.22:956][896]LogWindows: Error: [Callstack] 0x00007ff93a9a04db UE4Editor-Core.dll!UnknownFunction []
[2021.03.25-11.21.22:956][896]LogWindows: Error: [Callstack] 0x00007ff93a997eb0 UE4Editor-Core.dll!UnknownFunction []
[2021.03.25-11.21.22:956][896]LogWindows: Error: [Callstack] 0x00007ff98f6f7c24 KERNEL32.DLL!UnknownFunction []
[2021.03.25-11.21.22:956][896]LogWindows: Error: [Callstack] 0x00007ff990c8d721 ntdll.dll!UnknownFunction []
[2021.03.25-11.21.22:956][896]LogWindows: Error: 
[2021.03.25-11.21.22:956][896]LogWindows: Error: Crash in runnable thread TaskGraphThreadBP 12
[2021.03.25-11.21.22:982][896]LogExit: Executing StaticShutdownAfterError
[2021.03.25-11.21.22:982][896]LogWindows: FPlatformMisc::RequestExit(1)
[2021.03.25-11.21.22:982][896]LogCore: Engine exit requested (reason: Win RequestExit)
[2021.03.25-11.21.22:987][896]Log file closed, 03/25/21 12:21:22
